[2023-03-18 09:39:29,308] INFO [Controller id=0] Processing automatic preferred replica leader election (kafka.controller.KafkaController)
[2023-03-18 09:39:29,312] TRACE [Controller id=0] Checking need to trigger auto leader balancing (kafka.controller.KafkaController)
[2023-03-18 09:39:29,313] DEBUG [Controller id=0] Topics not in preferred replica for broker 0 Map() (kafka.controller.KafkaController)
[2023-03-18 09:39:29,314] TRACE [Controller id=0] Leader imbalance ratio for broker 0 is 0.0 (kafka.controller.KafkaController)
[2023-03-18 09:44:29,334] INFO [Controller id=0] Processing automatic preferred replica leader election (kafka.controller.KafkaController)
[2023-03-18 09:44:29,337] TRACE [Controller id=0] Checking need to trigger auto leader balancing (kafka.controller.KafkaController)
[2023-03-18 09:44:29,340] DEBUG [Controller id=0] Topics not in preferred replica for broker 0 Map() (kafka.controller.KafkaController)
[2023-03-18 09:44:29,341] TRACE [Controller id=0] Leader imbalance ratio for broker 0 is 0.0 (kafka.controller.KafkaController)
[2023-03-18 09:44:38,148] INFO [Controller id=0] Shutting down broker 0 (kafka.controller.KafkaController)
[2023-03-18 09:44:38,150] DEBUG [Controller id=0] All shutting down brokers: 0 (kafka.controller.KafkaController)
[2023-03-18 09:44:38,152] DEBUG [Controller id=0] Live brokers:  (kafka.controller.KafkaController)
[2023-03-18 09:44:38,171] TRACE [Controller id=0] All leaders = leaderboard-0 -> (Leader:0,ISR:0,LeaderRecoveryState:RECOVERED,LeaderEpoch:0,ZkVersion:0,ControllerEpoch:1) (kafka.controller.KafkaController)
[2023-03-18 09:44:38,420] INFO [ControllerEventThread controllerId=0] Shutting down (kafka.controller.ControllerEventManager$ControllerEventThread)
[2023-03-18 09:44:38,423] INFO [ControllerEventThread controllerId=0] Shutdown completed (kafka.controller.ControllerEventManager$ControllerEventThread)
[2023-03-18 09:44:38,424] INFO [ControllerEventThread controllerId=0] Stopped (kafka.controller.ControllerEventManager$ControllerEventThread)
[2023-03-18 09:44:38,427] DEBUG [Controller id=0] Resigning (kafka.controller.KafkaController)
[2023-03-18 09:44:38,428] DEBUG [Controller id=0] Unregister BrokerModifications handler for Set(0) (kafka.controller.KafkaController)
[2023-03-18 09:44:38,431] INFO [PartitionStateMachine controllerId=0] Stopped partition state machine (kafka.controller.ZkPartitionStateMachine)
[2023-03-18 09:44:38,433] INFO [ReplicaStateMachine controllerId=0] Stopped replica state machine (kafka.controller.ZkReplicaStateMachine)
[2023-03-18 09:44:38,434] INFO [RequestSendThread controllerId=0] Shutting down (kafka.controller.RequestSendThread)
[2023-03-18 09:44:38,434] INFO [RequestSendThread controllerId=0] Stopped (kafka.controller.RequestSendThread)
[2023-03-18 09:44:38,434] INFO [RequestSendThread controllerId=0] Shutdown completed (kafka.controller.RequestSendThread)
[2023-03-18 09:44:38,452] INFO [Controller id=0] Resigned (kafka.controller.KafkaController)
