[2023-03-30 13:39:41,011] INFO Shutting down the log cleaner. (kafka.log.LogCleaner)
[2023-03-30 13:39:41,014] INFO [kafka-log-cleaner-thread-0]: Shutting down (kafka.log.LogCleaner)
[2023-03-30 13:39:41,015] INFO [kafka-log-cleaner-thread-0]: Stopped (kafka.log.LogCleaner)
[2023-03-30 13:39:41,015] INFO [kafka-log-cleaner-thread-0]: Shutdown completed (kafka.log.LogCleaner)
[2023-03-30 14:02:02,441] INFO Starting the log cleaner (kafka.log.LogCleaner)
[2023-03-30 14:02:02,494] INFO [kafka-log-cleaner-thread-0]: Starting (kafka.log.LogCleaner)
[2023-03-30 14:02:03,269] INFO Shutting down the log cleaner. (kafka.log.LogCleaner)
[2023-03-30 14:02:03,299] INFO [kafka-log-cleaner-thread-0]: Shutting down (kafka.log.LogCleaner)
[2023-03-30 14:02:03,320] INFO [kafka-log-cleaner-thread-0]: Stopped (kafka.log.LogCleaner)
[2023-03-30 14:02:03,321] INFO [kafka-log-cleaner-thread-0]: Shutdown completed (kafka.log.LogCleaner)
[2023-03-30 14:02:10,163] INFO Starting the log cleaner (kafka.log.LogCleaner)
[2023-03-30 14:02:10,232] INFO [kafka-log-cleaner-thread-0]: Starting (kafka.log.LogCleaner)
[2023-03-30 14:02:10,935] INFO Shutting down the log cleaner. (kafka.log.LogCleaner)
[2023-03-30 14:02:10,998] INFO [kafka-log-cleaner-thread-0]: Shutting down (kafka.log.LogCleaner)
[2023-03-30 14:02:11,026] INFO [kafka-log-cleaner-thread-0]: Stopped (kafka.log.LogCleaner)
[2023-03-30 14:02:11,026] INFO [kafka-log-cleaner-thread-0]: Shutdown completed (kafka.log.LogCleaner)
[2023-03-30 14:02:15,705] INFO Starting the log cleaner (kafka.log.LogCleaner)
[2023-03-30 14:02:15,751] INFO [kafka-log-cleaner-thread-0]: Starting (kafka.log.LogCleaner)
[2023-03-30 14:02:16,472] INFO Shutting down the log cleaner. (kafka.log.LogCleaner)
[2023-03-30 14:02:16,473] INFO [kafka-log-cleaner-thread-0]: Shutting down (kafka.log.LogCleaner)
[2023-03-30 14:02:16,473] INFO [kafka-log-cleaner-thread-0]: Stopped (kafka.log.LogCleaner)
[2023-03-30 14:02:16,474] INFO [kafka-log-cleaner-thread-0]: Shutdown completed (kafka.log.LogCleaner)
[2023-03-30 14:02:22,020] INFO Starting the log cleaner (kafka.log.LogCleaner)
[2023-03-30 14:02:22,063] INFO [kafka-log-cleaner-thread-0]: Starting (kafka.log.LogCleaner)
[2023-03-30 14:11:25,511] INFO Shutting down the log cleaner. (kafka.log.LogCleaner)
[2023-03-30 14:11:25,513] INFO [kafka-log-cleaner-thread-0]: Shutting down (kafka.log.LogCleaner)
[2023-03-30 14:11:25,523] INFO [kafka-log-cleaner-thread-0]: Stopped (kafka.log.LogCleaner)
[2023-03-30 14:11:25,524] INFO [kafka-log-cleaner-thread-0]: Shutdown completed (kafka.log.LogCleaner)
